#
# A fatal error has been detected by the Java Runtime Environment:
#
#  SIGSEGV (0xb) at pc=0x00007fff6d704f54, pid=1602, tid=1299
#
# JRE version: Java(TM) SE Runtime Environment (7.0_71-b14) (build 1.7.0_71-b14)
# Java VM: Java HotSpot(TM) 64-Bit Server VM (24.71-b01 mixed mode bsd-amd64 compressed oops)
# Problematic frame:
# C  0x00007fff6d704f54
#
# Failed to write core dump. Core dumps have been disabled. To enable core dumping, try "ulimit -c unlimited" before starting Java again
#
# If you would like to submit a bug report, please visit:
#   http://bugreport.sun.com/bugreport/crash.jsp
# The crash happened outside the Java Virtual Machine in native code.
# See problematic frame for where to report the bug.
#

---------------  T H R E A D  ---------------

Current thread (0x00007feb8b08b800):  JavaThread "AppKit Thread" daemon [_thread_in_native, id=1299, stack(0x00007fff5bf8f000,0x00007fff5c00f000)]

siginfo:si_signo=SIGSEGV: si_errno=0, si_code=1 (SEGV_MAPERR), si_addr=0x0000000125b87008

Registers:
RAX=0x0000000000000000, RBX=0x00007fff5c009373, RCX=0x0000000000000013, RDX=0xffffffffffffffff
RSP=0x00007fff5c009340, RBP=0x00007fff5c0093b0, RSI=0x0000000080040000, RDI=0x00007fff5c009373
R8 =0x0000000000000001, R9 =0x0000000000000000, R10=0x0000000000000001, R11=0x0000000000000202
R12=0x00007fff6d70f259, R13=0x0000000125b87000, R14=0x0000000000000030, R15=0x00007fff6d70f25a
RIP=0x00007fff6d704f54, EFLAGS=0x0000000000010246, ERR=0x0000000000000004
  TRAPNO=0x000000000000000e

Top of Stack: (sp=0x00007fff5c009340)
0x00007fff5c009340:   000000018a3046e0 fffffffe6d71a598
0x00007fff5c009350:   0000000000000000 00007fff5c009373
0x00007fff5c009360:   00007feb8a304620 00007feb8a304620
0x00007fff5c009370:   3862656637009390 0030386163313538
0x00007fff5c009380:   0000000114cbd704 00007fff6d70ae86
0x00007fff5c009390:   0000000125b87000 0000000000000000
0x00007fff5c0093a0:   0000000000000000 0000000000000070
0x00007fff5c0093b0:   00007fff5c009420 00007fff6d70421f
0x00007fff5c0093c0:   0000000000000001 00007fff5c009428
0x00007fff5c0093d0:   00007fff6d71a510 00007fff5c0094f0
0x00007fff5c0093e0:   0000000000000000 00007fff6d70ae87
0x00007fff5c0093f0:   00007fff6d70ae86 0000000125b87000
0x00007fff5c009400:   00007fff6d71a510 ffff80146e5f8760
0x00007fff5c009410:   00007fff6d70ae80 00007fff6d71a510
0x00007fff5c009420:   00007fff5c009430 00007fff6d70491a
0x00007fff5c009430:   00007fff5c009530 00007fff6d6e363f
0x00007fff5c009440:   00007feb8a346960 00007feb8851ca80
0x00007fff5c009450:   0000000114cbeefe cb00e2e38171c805
0x00007fff5c009460:   00007fff5c0094f8 00007fff5c009580
0x00007fff5c009470:   00007feb8a309450 00007feb8a309650
0x00007fff5c009480:   00007feb8a309800 00007feb8a34fac0
0x00007fff5c009490:   00007fff771934d0 00007fff5c0095c0
0x00007fff5c0094a0:   00007fff922e8000 00007fff92617978
0x00007fff5c0094b0:   0000000000002688 00007fff9260d5f8
0x00007fff5c0094c0:   cb00e2e38171c805 0000000114cb368f
0x00007fff5c0094d0:   0000000000000000 00007fff5c0095a0
0x00007fff5c0094e0:   00007fff6d71a598 0000000000000002
0x00007fff5c0094f0:   0000003000000010 00007fff5c009540
0x00007fff5c009500:   00007fff5c009440 cb00e2e38171c805
0x00007fff5c009510:   cb00e2e38171c805 00007fff5c009540
0x00007fff5c009520:   0000000114cbeefe 00007feb8851ca80
0x00007fff5c009530:   00007fff5c0095b0 00007fff6d6ee6d1 

Instructions: (pc=0x00007fff6d704f54)
0x00007fff6d704f34:   41 ff 55 20 49 8b 45 08 48 8d 48 01 49 89 4d 08
0x00007fff6d704f44:   44 88 30 44 8a 33 48 ff c3 45 84 f6 75 d5 eb 20
0x00007fff6d704f54:   49 8b 45 08 49 3b 45 10 72 0b 4c 89 ef 41 ff 55
0x00007fff6d704f64:   20 49 8b 45 08 48 8d 48 01 49 89 4d 08 44 88 30 

Register to memory mapping:

RAX=0x0000000000000000 is an unknown value
RBX=0x00007fff5c009373 is pointing into the stack for thread: 0x00007feb8b08b800
RCX=0x0000000000000013 is an unknown value
RDX=0xffffffffffffffff is an unknown value
RSP=0x00007fff5c009340 is pointing into the stack for thread: 0x00007feb8b08b800
RBP=0x00007fff5c0093b0 is pointing into the stack for thread: 0x00007feb8b08b800
RSI=0x0000000080040000 is an unknown value
RDI=0x00007fff5c009373 is pointing into the stack for thread: 0x00007feb8b08b800
R8 =0x0000000000000001 is an unknown value
R9 =0x0000000000000000 is an unknown value
R10=0x0000000000000001 is an unknown value
R11=0x0000000000000202 is an unknown value
R12=0x00007fff6d70f259 is an unknown value
R13=0x0000000125b87000 is an unknown value
R14=0x0000000000000030 is an unknown value
R15=0x00007fff6d70f25a is an unknown value


Stack: [0x00007fff5bf8f000,0x00007fff5c00f000],  sp=0x00007fff5c009340,  free space=488k
Native frames: (J=compiled Java code, j=interpreted, Vv=VM code, C=native code)
C  0x00007fff6d704f54
C  0x00007fff6d70421f
C  0x00007fff6d70491a
C  0x00007fff6d6e363f
C  0x00007fff6d6ee6d1
C  [libdyld.dylib+0x28f5]  dlsym+0x48
C  [JavaVM+0x2da2]  _NSJVMAddressOfFunctionInLibrary+0x31
C  [JavaVM+0x35cb]  loadJVMAndInitFunctions+0xff
C  [JavaVM+0x372d]  JNI_GetCreatedJavaVMs+0x29
C  [JavaNativeFoundation+0x60b2]  GetGlobalVM+0x2d
C  [JavaNativeFoundation+0x5ec3]  JNFObtainEnv+0x1c
C  [JavaNativeFoundation+0x63b1]  -[JNFJObjectWrapper clearJObjectReference]+0x2d
C  [JavaNativeFoundation+0x631d]  -[JNFJObjectWrapper dealloc]+0x1b
C  [libobjc.A.dylib+0x2189c]  objc_object::sidetable_release(bool)+0xec
C  [liblwawt.dylib+0x12392]  -[CGLLayer setJavaLayer:]+0x1b
C  [liblwawt.dylib+0x126df]  -[CGLLayer dealloc]+0x1d
C  [libobjc.A.dylib+0x7e8f]  (anonymous namespace)::AutoreleasePoolPage::pop(void*)+0x23f
C  [CoreFoundation+0x3a6f2]  _CFAutoreleasePoolPop+0x32
C  [Foundation+0x92dcd]  __NSThreadPerformPerform+0x1f2
C  [CoreFoundation+0x80a01]  __CFRUNLOOP_IS_CALLING_OUT_TO_A_SOURCE0_PERFORM_FUNCTION__+0x11
C  [CoreFoundation+0x72b8d]  __CFRunLoopDoSources0+0x10d
C  [CoreFoundation+0x721bf]  __CFRunLoopRun+0x39f
C  [CoreFoundation+0x71bd8]  CFRunLoopRunSpecific+0x128
C  [HIToolbox+0x3256f]  RunCurrentEventLoopInMode+0xeb
C  [HIToolbox+0x322ea]  ReceiveNextEventCommon+0x1af
C  [HIToolbox+0x3212b]  _BlockUntilNextEventMatchingListInModeWithFilter+0x47
C  [AppKit+0x919bb]  _DPSNextEvent+0x3d2
C  [AppKit+0x90f68]  -[NSApplication nextEventMatchingMask:untilDate:inMode:dequeue:]+0x15a
C  [libosxapp.dylib+0x24e3]  -[NSApplicationAWT nextEventMatchingMask:untilDate:inMode:dequeue:]+0x7c
C  [AppKit+0x86bf3]  -[NSApplication run]+0x252
C  [libosxapp.dylib+0x2346]  +[NSApplicationAWT runAWTLoopWithApp:]+0x9c
C  [liblwawt.dylib+0xd539]  -[AWTStarter starter:]+0x369
C  [Foundation+0x92d00]  __NSThreadPerformPerform+0x125
C  [CoreFoundation+0x80a01]  __CFRUNLOOP_IS_CALLING_OUT_TO_A_SOURCE0_PERFORM_FUNCTION__+0x11
C  [CoreFoundation+0x72b8d]  __CFRunLoopDoSources0+0x10d
C  [CoreFoundation+0x721bf]  __CFRunLoopRun+0x39f
C  [CoreFoundation+0x71bd8]  CFRunLoopRunSpecific+0x128
C  [java+0x73b0]  CreateExecutionEnvironment+0x367
C  [java+0x1b5c]  JLI_Launch+0x7a0
C  [java+0x770d]  main+0x65
C  [java+0x13b4]  start+0x34


---------------  P R O C E S S  ---------------

Java Threads: ( => current thread )
  0x00007feb892f7800 JavaThread "SwingWorker-pool-1-thread-4" daemon [_thread_blocked, id=77327, stack(0x0000000129447000,0x0000000129547000)]
  0x00007feb891f1000 JavaThread "SwingWorker-pool-1-thread-3" daemon [_thread_blocked, id=72911, stack(0x00000001251d6000,0x00000001252d6000)]
  0x00007feb89254800 JavaThread "SwingWorker-pool-1-thread-2" daemon [_thread_blocked, id=71527, stack(0x00000001250d3000,0x00000001251d3000)]
  0x00007feb889be000 JavaThread "DestroyJavaVM" [_thread_blocked, id=4867, stack(0x0000000105861000,0x0000000105961000)]
  0x00007feb8aba4000 JavaThread "SwingWorker-pool-1-thread-1" daemon [_thread_blocked, id=70935, stack(0x0000000123bfd000,0x0000000123cfd000)]
  0x00007feb8b85c800 JavaThread "TimerQueue" daemon [_thread_blocked, id=69503, stack(0x0000000121ca7000,0x0000000121da7000)]
  0x00007feb8c838800 JavaThread "Image Fetcher 1" daemon [_thread_blocked, id=63255, stack(0x000000011cd5c000,0x000000011ce5c000)]
  0x00007feb89802000 JavaThread "Image Fetcher 0" daemon [_thread_blocked, id=61979, stack(0x000000011c9ec000,0x000000011caec000)]
  0x00007feb888b7000 JavaThread "AWT-EventQueue-0" [_thread_in_Java, id=55299, stack(0x000000011c2af000,0x000000011c3af000)]
  0x00007feb88895800 JavaThread "Java2D Disposer" daemon [_thread_blocked, id=54795, stack(0x000000011c13b000,0x000000011c23b000)]
  0x00007feb8a92e800 JavaThread "Java2D Queue Flusher" daemon [_thread_blocked, id=52743, stack(0x000000011b38c000,0x000000011b48c000)]
  0x00007feb8887c000 JavaThread "AWT-Shutdown" [_thread_blocked, id=29971, stack(0x00000001187fa000,0x00000001188fa000)]
=>0x00007feb8b08b800 JavaThread "AppKit Thread" daemon [_thread_in_native, id=1299, stack(0x00007fff5bf8f000,0x00007fff5c00f000)]
  0x00007feb8902c000 JavaThread "Monitor Ctrl-Break" daemon [_thread_in_native, id=20739, stack(0x0000000116d6b000,0x0000000116e6b000)]
  0x00007feb88809800 JavaThread "Service Thread" daemon [_thread_blocked, id=19715, stack(0x00000001168b5000,0x00000001169b5000)]
  0x00007feb88809000 JavaThread "C2 CompilerThread1" daemon [_thread_blocked, id=19203, stack(0x00000001167b2000,0x00000001168b2000)]
  0x00007feb8b051000 JavaThread "C2 CompilerThread0" daemon [_thread_blocked, id=18691, stack(0x00000001166af000,0x00000001167af000)]
  0x00007feb8b050800 JavaThread "Signal Dispatcher" daemon [_thread_blocked, id=15379, stack(0x00000001165ac000,0x00000001166ac000)]
  0x00007feb8b03c800 JavaThread "Finalizer" daemon [_thread_blocked, id=13571, stack(0x0000000114b8b000,0x0000000114c8b000)]
  0x00007feb8a815000 JavaThread "Reference Handler" daemon [_thread_blocked, id=13059, stack(0x0000000114a88000,0x0000000114b88000)]

Other Threads:
  0x00007feb8a812800 VMThread [stack: 0x0000000114985000,0x0000000114a85000] [id=12547]
  0x00007feb88812800 WatcherThread [stack: 0x00000001169b8000,0x0000000116ab8000] [id=20227]

VM state:not at safepoint (normal execution)

VM Mutex/Monitor currently owned by a thread: None

Heap
 PSYoungGen      total 76800K, used 30994K [0x00000007aaa80000, 0x00000007b4080000, 0x0000000800000000)
  eden space 66048K, 30% used [0x00000007aaa80000,0x00000007abe48900,0x00000007aeb00000)
  from space 10752K, 99% used [0x00000007aeb00000,0x00000007af57bfe0,0x00000007af580000)
  to   space 10752K, 0% used [0x00000007b3600000,0x00000007b3600000,0x00000007b4080000)
 ParOldGen       total 174592K, used 27358K [0x0000000700000000, 0x000000070aa80000, 0x00000007aaa80000)
  object space 174592K, 15% used [0x0000000700000000,0x0000000701ab7b08,0x000000070aa80000)
 PSPermGen       total 21504K, used 16359K [0x00000006fae00000, 0x00000006fc300000, 0x0000000700000000)
  object space 21504K, 76% used [0x00000006fae00000,0x00000006fbdf9cf8,0x00000006fc300000)

Card table byte_map: [0x0000000108a23000,0x000000010924d000] byte_map_base: 0x000000010524c000

Polling page: 0x0000000103d43000

Code Cache  [0x0000000105963000, 0x0000000105bd3000, 0x0000000108963000)
 total_blobs=797 nmethods=233 adapters=518 free_code_cache=48022Kb largest_free_block=49146560

Compilation events (10 events):
Event: 4.107 Thread 0x00007feb8b051000 nmethod 232 0x0000000105a7c190 code [0x0000000105a7c2e0, 0x0000000105a7c4d8]
Event: 4.111 Thread 0x00007feb88809000 nmethod 231 0x0000000105a7b650 code [0x0000000105a7b7e0, 0x0000000105a7bd88]
Event: 4.134 Thread 0x00007feb8b051000  234             java.util.concurrent.locks.ReentrantLock$NonfairSync::lock (25 bytes)
Event: 4.134 Thread 0x00007feb88809000  235             java.util.concurrent.locks.ReentrantLock::lock (8 bytes)
Event: 4.135 Thread 0x00007feb8b051000 nmethod 234 0x0000000105a77dd0 code [0x0000000105a77f40, 0x0000000105a78070]
Event: 4.136 Thread 0x00007feb88809000 nmethod 235 0x0000000105a77950 code [0x0000000105a77ac0, 0x0000000105a77c10]
Event: 4.267 Thread 0x00007feb8b051000  236             java.util.AbstractCollection::toArray (147 bytes)
Event: 4.287 Thread 0x00007feb8b051000 nmethod 236 0x0000000105a6d7d0 code [0x0000000105a6d9c0, 0x0000000105a6e7f8]
Event: 4.299 Thread 0x00007feb88809000  237  s          sun.font.CCharToGlyphMapper$Cache::get (74 bytes)
Event: 4.301 Thread 0x00007feb88809000 nmethod 237 0x0000000105a83b10 code [0x0000000105a83c80, 0x0000000105a84348]

GC Heap History (6 events):
Event: 3.466 GC heap before
{Heap before GC invocations=1 (full 0):
 PSYoungGen      total 76800K, used 66048K [0x00000007aaa80000, 0x00000007b0000000, 0x0000000800000000)
  eden space 66048K, 100% used [0x00000007aaa80000,0x00000007aeb00000,0x00000007aeb00000)
  from space 10752K, 0% used [0x00000007af580000,0x00000007af580000,0x00000007b0000000)
  to   space 10752K, 0% used [0x00000007aeb00000,0x00000007aeb00000,0x00000007af580000)
 ParOldGen       total 174592K, used 0K [0x0000000700000000, 0x000000070aa80000, 0x00000007aaa80000)
  object space 174592K, 0% used [0x0000000700000000,0x0000000700000000,0x000000070aa80000)
 PSPermGen       total 21504K, used 13587K [0x00000006fae00000, 0x00000006fc300000, 0x0000000700000000)
  object space 21504K, 63% used [0x00000006fae00000,0x00000006fbb44c98,0x00000006fc300000)
Event: 3.479 GC heap after
Heap after GC invocations=1 (full 0):
 PSYoungGen      total 76800K, used 10743K [0x00000007aaa80000, 0x00000007b0000000, 0x0000000800000000)
  eden space 66048K, 0% used [0x00000007aaa80000,0x00000007aaa80000,0x00000007aeb00000)
  from space 10752K, 99% used [0x00000007aeb00000,0x00000007af57de48,0x00000007af580000)
  to   space 10752K, 0% used [0x00000007af580000,0x00000007af580000,0x00000007b0000000)
 ParOldGen       total 174592K, used 18280K [0x0000000700000000, 0x000000070aa80000, 0x00000007aaa80000)
  object space 174592K, 10% used [0x0000000700000000,0x00000007011da0d8,0x000000070aa80000)
 PSPermGen       total 21504K, used 13587K [0x00000006fae00000, 0x00000006fc300000, 0x0000000700000000)
  object space 21504K, 63% used [0x00000006fae00000,0x00000006fbb44c98,0x00000006fc300000)
}
Event: 3.693 GC heap before
{Heap before GC invocations=2 (full 0):
 PSYoungGen      total 76800K, used 76791K [0x00000007aaa80000, 0x00000007b0000000, 0x0000000800000000)
  eden space 66048K, 100% used [0x00000007aaa80000,0x00000007aeb00000,0x00000007aeb00000)
  from space 10752K, 99% used [0x00000007aeb00000,0x00000007af57de48,0x00000007af580000)
  to   space 10752K, 0% used [0x00000007af580000,0x00000007af580000,0x00000007b0000000)
 ParOldGen       total 174592K, used 18280K [0x0000000700000000, 0x000000070aa80000, 0x00000007aaa80000)
  object space 174592K, 10% used [0x0000000700000000,0x00000007011da0d8,0x000000070aa80000)
 PSPermGen       total 21504K, used 14357K [0x00000006fae00000, 0x00000006fc300000, 0x0000000700000000)
  object space 21504K, 66% used [0x00000006fae00000,0x00000006fbc05470,0x00000006fc300000)
Event: 3.702 GC heap after
Heap after GC invocations=2 (full 0):
 PSYoungGen      total 76800K, used 10733K [0x00000007aaa80000, 0x00000007b4080000, 0x0000000800000000)
  eden space 66048K, 0% used [0x00000007aaa80000,0x00000007aaa80000,0x00000007aeb00000)
  from space 10752K, 99% used [0x00000007af580000,0x00000007afffb520,0x00000007b0000000)
  to   space 10752K, 0% used [0x00000007aeb00000,0x00000007aeb00000,0x00000007af580000)
 ParOldGen       total 174592K, used 23268K [0x0000000700000000, 0x000000070aa80000, 0x00000007aaa80000)
  object space 174592K, 13% used [0x0000000700000000,0x00000007016b93d8,0x000000070aa80000)
 PSPermGen       total 21504K, used 14357K [0x00000006fae00000, 0x00000006fc300000, 0x0000000700000000)
  object space 21504K, 66% used [0x00000006fae00000,0x00000006fbc05470,0x00000006fc300000)
}
Event: 3.957 GC heap before
{Heap before GC invocations=3 (full 0):
 PSYoungGen      total 76800K, used 76781K [0x00000007aaa80000, 0x00000007b4080000, 0x0000000800000000)
  eden space 66048K, 100% used [0x00000007aaa80000,0x00000007aeb00000,0x00000007aeb00000)
  from space 10752K, 99% used [0x00000007af580000,0x00000007afffb520,0x00000007b0000000)
  to   space 10752K, 0% used [0x00000007aeb00000,0x00000007aeb00000,0x00000007af580000)
 ParOldGen       total 174592K, used 23268K [0x0000000700000000, 0x000000070aa80000, 0x00000007aaa80000)
  object space 174592K, 13% used [0x0000000700000000,0x00000007016b93d8,0x000000070aa80000)
 PSPermGen       total 21504K, used 14489K [0x00000006fae00000, 0x00000006fc300000, 0x0000000700000000)
  object space 21504K, 67% used [0x00000006fae00000,0x00000006fbc26760,0x00000006fc300000)
Event: 3.963 GC heap after
Heap after GC invocations=3 (full 0):
 PSYoungGen      total 76800K, used 10735K [0x00000007aaa80000, 0x00000007b4080000, 0x0000000800000000)
  eden space 66048K, 0% used [0x00000007aaa80000,0x00000007aaa80000,0x00000007aeb00000)
  from space 10752K, 99% used [0x00000007aeb00000,0x00000007af57bfe0,0x00000007af580000)
  to   space 10752K, 0% used [0x00000007b3600000,0x00000007b3600000,0x00000007b4080000)
 ParOldGen       total 174592K, used 27358K [0x0000000700000000, 0x000000070aa80000, 0x00000007aaa80000)
  object space 174592K, 15% used [0x0000000700000000,0x0000000701ab7b08,0x000000070aa80000)
 PSPermGen       total 21504K, used 14489K [0x00000006fae00000, 0x00000006fc300000, 0x0000000700000000)
  object space 21504K, 67% used [0x00000006fae00000,0x00000006fbc26760,0x00000006fc300000)
}

Deoptimization events (10 events):
Event: 3.969 Thread 0x00007feb8b85c800 Uncommon trap: reason=class_check action=maybe_recompile pc=0x0000000105a62004 method=java.util.PriorityQueue.siftDownComparable(ILjava/lang/Object;)V @ 52
Event: 3.977 Thread 0x00007feb8b85c800 Uncommon trap: reason=class_check action=maybe_recompile pc=0x0000000105a62004 method=java.util.PriorityQueue.siftDownComparable(ILjava/lang/Object;)V @ 52
Event: 4.262 Thread 0x00007feb888b7000 Uncommon trap: reason=class_check action=maybe_recompile pc=0x00000001059f9248 method=java.io.BufferedInputStream.read1([BII)I @ 39
Event: 4.263 Thread 0x00007feb888b7000 Uncommon trap: reason=class_check action=maybe_recompile pc=0x00000001059f9248 method=java.io.BufferedInputStream.read1([BII)I @ 39
Event: 4.266 Thread 0x00007feb888b7000 Uncommon trap: reason=class_check action=maybe_recompile pc=0x0000000105a50f58 method=java.util.AbstractCollection.toArray([Ljava/lang/Object;)[Ljava/lang/Object; @ 1
Event: 4.266 Thread 0x00007feb888b7000 Uncommon trap: reason=class_check action=maybe_recompile pc=0x0000000105a50f58 method=java.util.AbstractCollection.toArray([Ljava/lang/Object;)[Ljava/lang/Object; @ 1
Event: 4.267 Thread 0x00007feb888b7000 Uncommon trap: reason=class_check action=maybe_recompile pc=0x0000000105a50f58 method=java.util.AbstractCollection.toArray([Ljava/lang/Object;)[Ljava/lang/Object; @ 1
Event: 4.267 Thread 0x00007feb888b7000 Uncommon trap: reason=class_check action=maybe_recompile pc=0x0000000105a50f58 method=java.util.AbstractCollection.toArray([Ljava/lang/Object;)[Ljava/lang/Object; @ 1
Event: 4.267 Thread 0x00007feb888b7000 Uncommon trap: reason=unreached action=reinterpret pc=0x0000000105a23e30 method=java.util.HashMap.put(Ljava/lang/Object;Ljava/lang/Object;)Ljava/lang/Object; @ 77
Event: 4.269 Thread 0x00007feb888b7000 Uncommon trap: reason=range_check action=make_not_entrant pc=0x0000000105a6c108 method=sun.font.CCharToGlyphMapper$Cache.get(I[C[I)V @ 345

Internal exceptions (10 events):
Event: 4.273 Thread 0x00007feb888b7000 Threw 0x00000007abd54730 at /HUDSON/workspace/7u-2-build-macosx-x86_64/jdk7u71/1605/hotspot/src/share/vm/prims/jvm.cpp:1281
Event: 4.274 Thread 0x00007feb888b7000 Threw 0x00000007abd5b710 at /HUDSON/workspace/7u-2-build-macosx-x86_64/jdk7u71/1605/hotspot/src/share/vm/prims/jvm.cpp:1281
Event: 4.274 Thread 0x00007feb888b7000 Threw 0x00000007abd61a88 at /HUDSON/workspace/7u-2-build-macosx-x86_64/jdk7u71/1605/hotspot/src/share/vm/prims/jvm.cpp:1281
Event: 4.275 Thread 0x00007feb888b7000 Threw 0x00000007abd67e30 at /HUDSON/workspace/7u-2-build-macosx-x86_64/jdk7u71/1605/hotspot/src/share/vm/prims/jvm.cpp:1281
Event: 4.275 Thread 0x00007feb888b7000 Threw 0x00000007abd6e330 at /HUDSON/workspace/7u-2-build-macosx-x86_64/jdk7u71/1605/hotspot/src/share/vm/prims/jvm.cpp:1281
Event: 4.276 Thread 0x00007feb888b7000 Threw 0x00000007abd7c6a0 at /HUDSON/workspace/7u-2-build-macosx-x86_64/jdk7u71/1605/hotspot/src/share/vm/prims/jvm.cpp:1281
Event: 4.279 Thread 0x00007feb888b7000 Threw 0x00000007abd928d0 at /HUDSON/workspace/7u-2-build-macosx-x86_64/jdk7u71/1605/hotspot/src/share/vm/prims/jvm.cpp:1281
Event: 4.296 Thread 0x00007feb888b7000 Threw 0x00000007abd9c5e0 at /HUDSON/workspace/7u-2-build-macosx-x86_64/jdk7u71/1605/hotspot/src/share/vm/prims/jvm.cpp:1281
Event: 4.297 Thread 0x00007feb888b7000 Threw 0x00000007abda2388 at /HUDSON/workspace/7u-2-build-macosx-x86_64/jdk7u71/1605/hotspot/src/share/vm/prims/jvm.cpp:1281
Event: 4.297 Thread 0x00007feb888b7000 Threw 0x00000007abda95e8 at /HUDSON/workspace/7u-2-build-macosx-x86_64/jdk7u71/1605/hotspot/src/share/vm/prims/jvm.cpp:1281

Events (10 events):
Event: 4.297 loading class 0x00007feb91a89530
Event: 4.297 loading class 0x00007feb91a89530 done
Event: 4.297 loading class 0x00007feb91b0aff0
Event: 4.297 loading class 0x00007feb91b0aff0 done
Event: 4.298 Executing VM operation: RevokeBias
Event: 4.298 Executing VM operation: RevokeBias done
Event: 4.311 loading class 0x00007feb8a851f80
Event: 4.311 loading class 0x00007feb8a851f80 done
Event: 4.314 loading class 0x00007feb8a856930
Event: 4.314 loading class 0x00007feb8a856930 done


Dynamic libraries:
0x0000000004bb7000 	/System/Library/Frameworks/Cocoa.framework/Versions/A/Cocoa
0x0000000004bb7000 	/System/Library/Frameworks/Security.framework/Versions/A/Security
0x0000000004bb7000 	/System/Library/Frameworks/ApplicationServices.framework/Versions/A/ApplicationServices
0x0000000004bb7000 	/usr/lib/libz.1.dylib
0x0000000004bb7000 	/usr/lib/libSystem.B.dylib
0x0000000004bb7000 	/usr/lib/libobjc.A.dylib
0x0000000004bb7000 	/System/Library/Frameworks/CoreFoundation.framework/Versions/A/CoreFoundation
0x0000000004bb7000 	/System/Library/Frameworks/Foundation.framework/Versions/C/Foundation
0x0000000004bb7000 	/System/Library/Frameworks/AppKit.framework/Versions/C/AppKit
0x0000000004bb7000 	/System/Library/Frameworks/CoreData.framework/Versions/A/CoreData
0x0000000004bb7000 	/System/Library/PrivateFrameworks/RemoteViewServices.framework/Versions/A/RemoteViewServices
0x0000000004bb7000 	/System/Library/PrivateFrameworks/UIFoundation.framework/Versions/A/UIFoundation
0x0000000004bb7000 	/System/Library/Frameworks/IOSurface.framework/Versions/A/IOSurface
0x0000000004bb7000 	/System/Library/Frameworks/AudioToolbox.framework/Versions/A/AudioToolbox
0x0000000004bb7000 	/System/Library/Frameworks/AudioUnit.framework/Versions/A/AudioUnit
0x0000000004bb7000 	/System/Library/PrivateFrameworks/DataDetectorsCore.framework/Versions/A/DataDetectorsCore
0x0000000004bb7000 	/System/Library/PrivateFrameworks/DesktopServicesPriv.framework/Versions/A/DesktopServicesPriv
0x0000000004bb7000 	/System/Library/Frameworks/Carbon.framework/Versions/A/Frameworks/HIToolbox.framework/Versions/A/HIToolbox
0x0000000004bb7000 	/System/Library/Frameworks/QuartzCore.framework/Versions/A/QuartzCore
0x0000000004bb7000 	/System/Library/Frameworks/Carbon.framework/Versions/A/Frameworks/SpeechRecognition.framework/Versions/A/SpeechRecognition
0x0000000004bb7000 	/usr/lib/libauto.dylib
0x0000000004bb7000 	/usr/lib/libicucore.A.dylib
0x0000000004bb7000 	/usr/lib/libxml2.2.dylib
0x0000000004bb7000 	/System/Library/PrivateFrameworks/CoreUI.framework/Versions/A/CoreUI
0x0000000004bb7000 	/System/Library/Frameworks/CoreAudio.framework/Versions/A/CoreAudio
0x0000000004bb7000 	/System/Library/Frameworks/DiskArbitration.framework/Versions/A/DiskArbitration
0x0000000004bb7000 	/usr/lib/liblangid.dylib
0x0000000004bb7000 	/System/Library/PrivateFrameworks/MultitouchSupport.framework/Versions/A/MultitouchSupport
0x0000000004bb7000 	/System/Library/Frameworks/IOKit.framework/Versions/A/IOKit
0x0000000004bb7000 	/usr/lib/libDiagnosticMessagesClient.dylib
0x0000000004bb7000 	/System/Library/Frameworks/CoreServices.framework/Versions/A/CoreServices
0x0000000004bb7000 	/System/Library/PrivateFrameworks/PerformanceAnalysis.framework/Versions/A/PerformanceAnalysis
0x0000000004bb7000 	/System/Library/PrivateFrameworks/GenerationalStorage.framework/Versions/A/GenerationalStorage
0x0000000004bb7000 	/System/Library/Frameworks/OpenGL.framework/Versions/A/OpenGL
0x0000000004bb7000 	/System/Library/PrivateFrameworks/Sharing.framework/Versions/A/Sharing
0x0000000004bb7000 	/System/Library/Frameworks/CoreGraphics.framework/Versions/A/CoreGraphics
0x0000000004bb7000 	/System/Library/Frameworks/CoreText.framework/Versions/A/CoreText
0x0000000004bb7000 	/System/Library/Frameworks/ImageIO.framework/Versions/A/ImageIO
0x0000000004bb7000 	/usr/lib/libextension.dylib
0x0000000004bb7000 	/System/Library/PrivateFrameworks/Backup.framework/Versions/A/Backup
0x0000000004bb7000 	/usr/lib/libarchive.2.dylib
0x0000000004bb7000 	/System/Library/Frameworks/CFNetwork.framework/Versions/A/CFNetwork
0x0000000004bb7000 	/System/Library/Frameworks/SystemConfiguration.framework/Versions/A/SystemConfiguration
0x0000000004bb7000 	/usr/lib/libCRFSuite.dylib
0x0000000004bb7000 	/usr/lib/libc++.1.dylib
0x0000000004bb7000 	/usr/lib/libc++abi.dylib
0x0000000004bb7000 	/usr/lib/system/libcache.dylib
0x0000000004bb7000 	/usr/lib/system/libcommonCrypto.dylib
0x0000000004bb7000 	/usr/lib/system/libcompiler_rt.dylib
0x0000000004bb7000 	/usr/lib/system/libcopyfile.dylib
0x0000000004bb7000 	/usr/lib/system/libcorecrypto.dylib
0x0000000004bb7000 	/usr/lib/system/libdispatch.dylib
0x0000000004bb7000 	/usr/lib/system/libdyld.dylib
0x0000000004bb7000 	/usr/lib/system/libkeymgr.dylib
0x0000000004bb7000 	/usr/lib/system/liblaunch.dylib
0x0000000004bb7000 	/usr/lib/system/libmacho.dylib
0x0000000004bb7000 	/usr/lib/system/libquarantine.dylib
0x0000000004bb7000 	/usr/lib/system/libremovefile.dylib
0x0000000004bb7000 	/usr/lib/system/libsystem_asl.dylib
0x0000000004bb7000 	/usr/lib/system/libsystem_blocks.dylib
0x0000000004bb7000 	/usr/lib/system/libsystem_c.dylib
0x0000000004bb7000 	/usr/lib/system/libsystem_configuration.dylib
0x0000000004bb7000 	/usr/lib/system/libsystem_coreservices.dylib
0x0000000004bb7000 	/usr/lib/system/libsystem_coretls.dylib
0x0000000004bb7000 	/usr/lib/system/libsystem_dnssd.dylib
0x0000000004bb7000 	/usr/lib/system/libsystem_info.dylib
0x0000000004bb7000 	/usr/lib/system/libsystem_kernel.dylib
0x0000000004bb7000 	/usr/lib/system/libsystem_m.dylib
0x0000000004bb7000 	/usr/lib/system/libsystem_malloc.dylib
0x0000000004bb7000 	/usr/lib/system/libsystem_network.dylib
0x0000000004bb7000 	/usr/lib/system/libsystem_networkextension.dylib
0x0000000004bb7000 	/usr/lib/system/libsystem_notify.dylib
0x0000000004bb7000 	/usr/lib/system/libsystem_platform.dylib
0x0000000004bb7000 	/usr/lib/system/libsystem_pthread.dylib
0x0000000004bb7000 	/usr/lib/system/libsystem_sandbox.dylib
0x0000000004bb7000 	/usr/lib/system/libsystem_secinit.dylib
0x0000000004bb7000 	/usr/lib/system/libsystem_stats.dylib
0x0000000004bb7000 	/usr/lib/system/libsystem_trace.dylib
0x0000000004bb7000 	/usr/lib/system/libunc.dylib
0x0000000004bb7000 	/usr/lib/system/libunwind.dylib
0x0000000004bb7000 	/usr/lib/system/libxpc.dylib
0x0000000004bb7000 	/usr/lib/libbz2.1.0.dylib
0x0000000004bb7000 	/usr/lib/liblzma.5.dylib
0x0000000004bb7000 	/usr/lib/libbsm.0.dylib
0x0000000004bb7000 	/usr/lib/libsqlite3.dylib
0x0000000004bb7000 	/usr/lib/system/libkxld.dylib
0x0000000004bb7000 	/usr/lib/libxar.1.dylib
0x0000000004bb7000 	/usr/lib/libpam.2.dylib
0x0000000004bb7000 	/usr/lib/libOpenScriptingUtil.dylib
0x0000000004bb7000 	/System/Library/Frameworks/CoreServices.framework/Versions/A/Frameworks/FSEvents.framework/Versions/A/FSEvents
0x0000000004bb7000 	/System/Library/Frameworks/CoreServices.framework/Versions/A/Frameworks/CarbonCore.framework/Versions/A/CarbonCore
0x0000000004bb7000 	/System/Library/Frameworks/CoreServices.framework/Versions/A/Frameworks/Metadata.framework/Versions/A/Metadata
0x0000000004bb7000 	/System/Library/Frameworks/CoreServices.framework/Versions/A/Frameworks/OSServices.framework/Versions/A/OSServices
0x0000000004bb7000 	/System/Library/Frameworks/CoreServices.framework/Versions/A/Frameworks/SearchKit.framework/Versions/A/SearchKit
0x0000000004bb7000 	/System/Library/Frameworks/CoreServices.framework/Versions/A/Frameworks/AE.framework/Versions/A/AE
0x0000000004bb7000 	/System/Library/Frameworks/CoreServices.framework/Versions/A/Frameworks/LaunchServices.framework/Versions/A/LaunchServices
0x0000000004bb7000 	/System/Library/Frameworks/CoreServices.framework/Versions/A/Frameworks/DictionaryServices.framework/Versions/A/DictionaryServices
0x0000000004bb7000 	/System/Library/Frameworks/NetFS.framework/Versions/A/NetFS
0x0000000004bb7000 	/System/Library/PrivateFrameworks/NetAuth.framework/Versions/A/NetAuth
0x0000000004bb7000 	/System/Library/PrivateFrameworks/login.framework/Versions/A/Frameworks/loginsupport.framework/Versions/A/loginsupport
0x0000000004bb7000 	/System/Library/PrivateFrameworks/TCC.framework/Versions/A/TCC
0x0000000004bb7000 	/usr/lib/libmecabra.dylib
0x0000000004bb7000 	/System/Library/Frameworks/ApplicationServices.framework/Versions/A/Frameworks/ATS.framework/Versions/A/ATS
0x0000000004bb7000 	/System/Library/Frameworks/ApplicationServices.framework/Versions/A/Frameworks/ColorSync.framework/Versions/A/ColorSync
0x0000000004bb7000 	/System/Library/Frameworks/ApplicationServices.framework/Versions/A/Frameworks/HIServices.framework/Versions/A/HIServices
0x0000000004bb7000 	/System/Library/Frameworks/ApplicationServices.framework/Versions/A/Frameworks/LangAnalysis.framework/Versions/A/LangAnalysis
0x0000000004bb7000 	/System/Library/Frameworks/ApplicationServices.framework/Versions/A/Frameworks/PrintCore.framework/Versions/A/PrintCore
0x0000000004bb7000 	/System/Library/Frameworks/ApplicationServices.framework/Versions/A/Frameworks/QD.framework/Versions/A/QD
0x0000000004bb7000 	/System/Library/Frameworks/ApplicationServices.framework/Versions/A/Frameworks/SpeechSynthesis.framework/Versions/A/SpeechSynthesis
0x0000000004bb7000 	/System/Library/Frameworks/Accelerate.framework/Versions/A/Accelerate
0x0000000004bb7000 	/System/Library/Frameworks/Accelerate.framework/Versions/A/Frameworks/vImage.framework/Versions/A/vImage
0x0000000004bb7000 	/System/Library/Frameworks/Accelerate.framework/Versions/A/Frameworks/vecLib.framework/Versions/A/vecLib
0x0000000004bb7000 	/System/Library/Frameworks/Accelerate.framework/Versions/A/Frameworks/vecLib.framework/Versions/A/libvDSP.dylib
0x0000000004bb7000 	/System/Library/Frameworks/Accelerate.framework/Versions/A/Frameworks/vecLib.framework/Versions/A/libvMisc.dylib
0x0000000004bb7000 	/System/Library/Frameworks/Accelerate.framework/Versions/A/Frameworks/vecLib.framework/Versions/A/libLAPACK.dylib
0x0000000004bb7000 	/System/Library/Frameworks/Accelerate.framework/Versions/A/Frameworks/vecLib.framework/Versions/A/libBLAS.dylib
0x0000000004bb7000 	/System/Library/Frameworks/Accelerate.framework/Versions/A/Frameworks/vecLib.framework/Versions/A/libLinearAlgebra.dylib
0x0000000004bb7000 	/System/Library/Frameworks/ApplicationServices.framework/Versions/A/Frameworks/ATS.framework/Versions/A/Resources/libFontParser.dylib
0x0000000004bb7000 	/System/Library/Frameworks/ApplicationServices.framework/Versions/A/Frameworks/ATS.framework/Versions/A/Resources/libFontRegistry.dylib
0x0000000004bb7000 	/System/Library/PrivateFrameworks/AppleVPA.framework/Versions/A/AppleVPA
0x0000000004bb7000 	/System/Library/PrivateFrameworks/AppleJPEG.framework/Versions/A/AppleJPEG
0x0000000004bb7000 	/System/Library/Frameworks/ImageIO.framework/Versions/A/Resources/libJPEG.dylib
0x0000000004bb7000 	/System/Library/Frameworks/ImageIO.framework/Versions/A/Resources/libTIFF.dylib
0x0000000004bb7000 	/System/Library/Frameworks/ImageIO.framework/Versions/A/Resources/libPng.dylib
0x0000000004bb7000 	/System/Library/Frameworks/ImageIO.framework/Versions/A/Resources/libGIF.dylib
0x0000000004bb7000 	/System/Library/Frameworks/ImageIO.framework/Versions/A/Resources/libJP2.dylib
0x0000000004bb7000 	/System/Library/Frameworks/ImageIO.framework/Versions/A/Resources/libRadiance.dylib
0x0000000004bb7000 	/System/Library/Frameworks/CoreVideo.framework/Versions/A/CoreVideo
0x0000000004bb7000 	/System/Library/Frameworks/OpenGL.framework/Versions/A/Libraries/libGLU.dylib
0x0000000004bb7000 	/System/Library/Frameworks/OpenGL.framework/Versions/A/Libraries/libGFXShared.dylib
0x0000000004bb7000 	/System/Library/Frameworks/OpenGL.framework/Versions/A/Libraries/libGL.dylib
0x0000000004bb7000 	/System/Library/Frameworks/OpenGL.framework/Versions/A/Libraries/libGLImage.dylib
0x0000000004bb7000 	/System/Library/Frameworks/OpenGL.framework/Versions/A/Libraries/libCVMSPluginSupport.dylib
0x0000000004bb7000 	/System/Library/Frameworks/OpenGL.framework/Versions/A/Libraries/libCoreVMClient.dylib
0x0000000004bb7000 	/usr/lib/libcups.2.dylib
0x0000000004bb7000 	/System/Library/Frameworks/Kerberos.framework/Versions/A/Kerberos
0x0000000004bb7000 	/System/Library/Frameworks/GSS.framework/Versions/A/GSS
0x0000000004bb7000 	/usr/lib/libresolv.9.dylib
0x0000000004bb7000 	/usr/lib/libiconv.2.dylib
0x0000000004bb7000 	/System/Library/PrivateFrameworks/Heimdal.framework/Versions/A/Heimdal
0x0000000004bb7000 	/usr/lib/libheimdal-asn1.dylib
0x0000000004bb7000 	/System/Library/Frameworks/OpenDirectory.framework/Versions/A/OpenDirectory
0x0000000004bb7000 	/System/Library/PrivateFrameworks/CommonAuth.framework/Versions/A/CommonAuth
0x0000000004bb7000 	/System/Library/Frameworks/OpenDirectory.framework/Versions/A/Frameworks/CFOpenDirectory.framework/Versions/A/CFOpenDirectory
0x0000000004bb7000 	/System/Library/Frameworks/SecurityFoundation.framework/Versions/A/SecurityFoundation
0x0000000004bb7000 	/System/Library/PrivateFrameworks/LanguageModeling.framework/Versions/A/LanguageModeling
0x0000000004bb7000 	/usr/lib/libcmph.dylib
0x0000000004bb7000 	/System/Library/Frameworks/ServiceManagement.framework/Versions/A/ServiceManagement
0x0000000004bb7000 	/usr/lib/libxslt.1.dylib
0x0000000004bb7000 	/System/Library/Frameworks/Carbon.framework/Versions/A/Frameworks/Ink.framework/Versions/A/Ink
0x0000000004bb7000 	/System/Library/Frameworks/QuartzCore.framework/Versions/A/Frameworks/CoreImage.framework/Versions/A/CoreImage
0x0000000004bb7000 	/System/Library/PrivateFrameworks/CrashReporterSupport.framework/Versions/A/CrashReporterSupport
0x0000000004bb7000 	/System/Library/Frameworks/OpenCL.framework/Versions/A/OpenCL
0x0000000004bb7000 	/System/Library/PrivateFrameworks/FaceCore.framework/Versions/A/FaceCore
0x0000000004bb7000 	/System/Library/PrivateFrameworks/Ubiquity.framework/Versions/A/Ubiquity
0x0000000004bb7000 	/System/Library/PrivateFrameworks/IconServices.framework/Versions/A/IconServices
0x0000000004bb7000 	/System/Library/PrivateFrameworks/ChunkingLibrary.framework/Versions/A/ChunkingLibrary
0x0000000004bb7000 	/System/Library/PrivateFrameworks/Apple80211.framework/Versions/A/Apple80211
0x0000000004bb7000 	/System/Library/Frameworks/CoreWLAN.framework/Versions/A/CoreWLAN
0x0000000004bb7000 	/System/Library/Frameworks/IOBluetooth.framework/Versions/A/IOBluetooth
0x0000000004bb7000 	/System/Library/PrivateFrameworks/CoreWiFi.framework/Versions/A/CoreWiFi
0x0000000004bb7000 	/System/Library/Frameworks/CoreBluetooth.framework/Versions/A/CoreBluetooth
0x0000000004bb7000 	/System/Library/PrivateFrameworks/DebugSymbols.framework/Versions/A/DebugSymbols
0x0000000004bb7000 	/System/Library/PrivateFrameworks/CoreSymbolication.framework/Versions/A/CoreSymbolication
0x0000000004bb7000 	/System/Library/PrivateFrameworks/Symbolication.framework/Versions/A/Symbolication
0x0000000004bb7000 	/System/Library/PrivateFrameworks/SpeechRecognitionCore.framework/Versions/A/SpeechRecognitionCore
0x0000000104e00000 	/Library/Java/JavaVirtualMachines/jdk1.7.0_71.jdk/Contents/Home/jre/lib/server/libjvm.dylib
0x0000000004bb7000 	/usr/lib/libstdc++.6.dylib
0x0000000103d06000 	/Library/Java/JavaVirtualMachines/jdk1.7.0_71.jdk/Contents/Home/jre/lib/libverify.dylib
0x0000000103d13000 	/Library/Java/JavaVirtualMachines/jdk1.7.0_71.jdk/Contents/Home/jre/lib/libjava.dylib
0x0000000103d4d000 	/Library/Java/JavaVirtualMachines/jdk1.7.0_71.jdk/Contents/Home/jre/lib/libzip.dylib
0x0000000114c8d000 	/System/Library/Frameworks/JavaVM.framework/Frameworks/JavaRuntimeSupport.framework/JavaRuntimeSupport
0x0000000114ca5000 	/System/Library/Frameworks/JavaVM.framework/Versions/A/Frameworks/JavaNativeFoundation.framework/Versions/A/JavaNativeFoundation
0x0000000114cba000 	/System/Library/Frameworks/JavaVM.framework/Versions/A/JavaVM
0x0000000004bb7000 	/System/Library/Frameworks/Carbon.framework/Versions/A/Carbon
0x0000000114cc7000 	/System/Library/PrivateFrameworks/JavaLaunching.framework/Versions/A/JavaLaunching
0x0000000004bb7000 	/System/Library/Frameworks/Carbon.framework/Versions/A/Frameworks/CommonPanels.framework/Versions/A/CommonPanels
0x0000000004bb7000 	/System/Library/Frameworks/Carbon.framework/Versions/A/Frameworks/Help.framework/Versions/A/Help
0x0000000004bb7000 	/System/Library/Frameworks/Carbon.framework/Versions/A/Frameworks/ImageCapture.framework/Versions/A/ImageCapture
0x0000000004bb7000 	/System/Library/Frameworks/Carbon.framework/Versions/A/Frameworks/OpenScripting.framework/Versions/A/OpenScripting
0x0000000004bb7000 	/System/Library/Frameworks/Carbon.framework/Versions/A/Frameworks/Print.framework/Versions/A/Print
0x0000000004bb7000 	/System/Library/Frameworks/Carbon.framework/Versions/A/Frameworks/SecurityHI.framework/Versions/A/SecurityHI
0x0000000116d67000 	/Applications/IntelliJ IDEA 14.app/Contents/bin/libbreakgen64.jnilib
0x0000000116e6d000 	/Library/Java/JavaVirtualMachines/jdk1.7.0_71.jdk/Contents/Home/jre/lib/libnet.dylib
0x0000000116ecb000 	/Library/Java/JavaVirtualMachines/jdk1.7.0_71.jdk/Contents/Home/jre/lib/libawt.dylib
0x0000000116f7a000 	/Library/Java/JavaVirtualMachines/jdk1.7.0_71.jdk/Contents/Home/jre/lib/./libmlib_image.dylib
0x0000000117046000 	/Library/Java/JavaVirtualMachines/jdk1.7.0_71.jdk/Contents/Home/jre/lib/lwawt/liblwawt.dylib
0x00000001170fa000 	/Library/Java/JavaVirtualMachines/jdk1.7.0_71.jdk/Contents/Home/jre/lib/libosxapp.dylib
0x0000000004bb7000 	/System/Library/Frameworks/ExceptionHandling.framework/Versions/A/ExceptionHandling
0x0000000004bb7000 	/System/Library/PrivateFrameworks/CoreServicesInternal.framework/Versions/A/CoreServicesInternal
0x0000000004bb7000 	/System/Library/PrivateFrameworks/CloudDocs.framework/Versions/A/CloudDocs
0x0000000004bb7000 	/System/Library/PrivateFrameworks/CoreDuet.framework/Versions/A/CoreDuet
0x0000000004bb7000 	/System/Library/Frameworks/CloudKit.framework/Versions/A/CloudKit
0x0000000004bb7000 	/System/Library/PrivateFrameworks/ProtocolBuffer.framework/Versions/A/ProtocolBuffer
0x0000000004bb7000 	/System/Library/PrivateFrameworks/CoreDuetDaemonProtocol.framework/Versions/A/CoreDuetDaemonProtocol
0x0000000004bb7000 	/System/Library/PrivateFrameworks/CoreDuetDebugLogging.framework/Versions/A/CoreDuetDebugLogging
0x0000000004bb7000 	/System/Library/PrivateFrameworks/MMCS.framework/Versions/A/MMCS
0x0000000004bb7000 	/System/Library/Frameworks/CoreLocation.framework/Versions/A/CoreLocation
0x0000000004bb7000 	/System/Library/PrivateFrameworks/ProtectedCloudStorage.framework/Versions/A/ProtectedCloudStorage
0x0000000004bb7000 	/System/Library/PrivateFrameworks/GeoServices.framework/Versions/A/GeoServices
0x0000000004bb7000 	/System/Library/Frameworks/CoreGraphics.framework/Versions/A/Resources/libCGCMS.A.dylib
0x0000000004bb7000 	/System/Library/Frameworks/CoreGraphics.framework/Versions/A/Resources/libRIP.A.dylib
0x0000000004bb7000 	/System/Library/Frameworks/CoreGraphics.framework/Versions/A/Resources/libCGXType.A.dylib
0x0000000004bb7000 	/System/Library/Frameworks/OpenCL.framework/Versions/A/Libraries/libcldcpuengine.dylib
0x0000000004bb7000 	/System/Library/PrivateFrameworks/DiskImages.framework/Versions/A/DiskImages
0x0000000004bb7000 	/System/Library/Frameworks/DiscRecording.framework/Versions/A/DiscRecording
0x0000000004bb7000 	/usr/lib/libcsfde.dylib
0x0000000004bb7000 	/usr/lib/libcurl.4.dylib
0x0000000004bb7000 	/System/Library/PrivateFrameworks/MediaKit.framework/Versions/A/MediaKit
0x0000000004bb7000 	/usr/lib/libCoreStorage.dylib
0x0000000004bb7000 	/System/Library/PrivateFrameworks/EFILogin.framework/Versions/A/EFILogin
0x0000000004bb7000 	/usr/lib/libutil.dylib
0x0000000004bb7000 	/System/Library/PrivateFrameworks/FindMyDevice.framework/Versions/A/FindMyDevice
0x0000000004bb7000 	/System/Library/Frameworks/LDAP.framework/Versions/A/LDAP
0x0000000004bb7000 	/usr/lib/libsasl2.2.dylib
0x0000000004bb7000 	/System/Library/PrivateFrameworks/CoreDaemon.framework/Versions/B/CoreDaemon
0x0000000004bb7000 	/usr/lib/libcrypto.0.9.8.dylib
0x0000000004bb7000 	/System/Library/PrivateFrameworks/AppleSRP.framework/Versions/A/AppleSRP
0x0000000004bb7000 	/System/Library/PrivateFrameworks/TrustEvaluationAgent.framework/Versions/A/TrustEvaluationAgent
0x000000011a088000 	cl_kernels
0x000000011a08a000 	/System/Library/Frameworks/OpenCL.framework/Versions/A/Libraries/ImageFormats/unorm8_bgra.dylib
0x000000011a079000 	cl_kernels
0x0000000004bb7000 	/System/Library/PrivateFrameworks/FamilyControls.framework/Versions/A/FamilyControls
0x0000000004bb7000 	/System/Library/PrivateFrameworks/CommerceKit.framework/Versions/A/Frameworks/CommerceCore.framework/Versions/A/CommerceCore
0x0000000004bb7000 	/System/Library/PrivateFrameworks/SystemAdministration.framework/Versions/A/SystemAdministration
0x0000000004bb7000 	/System/Library/PrivateFrameworks/AppContainer.framework/Versions/A/AppContainer
0x0000000004bb7000 	/System/Library/PrivateFrameworks/SecCodeWrapper.framework/Versions/A/SecCodeWrapper
0x0000000004bb7000 	/System/Library/Frameworks/DirectoryService.framework/Versions/A/DirectoryService
0x0000000004bb7000 	/System/Library/PrivateFrameworks/LoginUIKit.framework/Versions/A/Frameworks/LoginUICore.framework/Versions/A/LoginUICore
0x0000000004bb7000 	/usr/lib/libodfde.dylib
0x0000000004bb7000 	/System/Library/Frameworks/OpenGL.framework/Versions/A/Resources/GLEngine.bundle/GLEngine
0x0000000004bb7000 	/System/Library/Frameworks/OpenGL.framework/Versions/A/Libraries/libGLProgrammability.dylib
0x0000000000000000 	/System/Library/Extensions/AppleIntelHD5000GraphicsGLDriver.bundle/Contents/MacOS/AppleIntelHD5000GraphicsGLDriver
0x0000000004bb7000 	/System/Library/PrivateFrameworks/IOAccelerator.framework/Versions/A/IOAccelerator
0x0000000004bb7000 	/System/Library/PrivateFrameworks/GPUSupport.framework/Versions/A/Libraries/libGPUSupportMercury.dylib
0x0000000000000000 	/System/Library/Extensions/GeForceGLDriver.bundle/Contents/MacOS/GeForceGLDriver
0x0000000004bb7000 	/System/Library/Extensions/GeForceGLDriver.bundle/Contents/MacOS/libclh.dylib
0x0000000004bb7000 	/System/Library/Frameworks/OpenGL.framework/Versions/A/Resources/GLRendererFloat.bundle/GLRendererFloat
0x000000011c23d000 	/Library/Java/JavaVirtualMachines/jdk1.7.0_71.jdk/Contents/Home/jre/lib/libfontmanager.dylib
0x000000011c2a4000 	/Library/Java/JavaVirtualMachines/jdk1.7.0_71.jdk/Contents/Home/jre/lib/libosxui.dylib
0x000000011c3c5000 	/Library/Java/JavaVirtualMachines/jdk1.7.0_71.jdk/Contents/Home/jre/lib/libnio.dylib
0x0000000004bb7000 	/System/Library/Frameworks/ApplicationServices.framework/Versions/A/Frameworks/ATS.framework/Versions/A/Resources/libTrueTypeScaler.dylib
0x0000000004bb7000 	/System/Library/Frameworks/Accelerate.framework/Versions/A/Frameworks/vImage.framework/Versions/A/Libraries/libCGInterfaces.dylib
0x00000001261e1000 	/Library/Java/JavaVirtualMachines/jdk1.7.0_71.jdk/Contents/Home/jre/lib/libdcpr.dylib

VM Arguments:
jvm_args: -Didea.launcher.port=7535 -Didea.launcher.bin.path=/Applications/IntelliJ IDEA 14.app/Contents/bin -Dfile.encoding=UTF-8 
java_command: com.intellij.rt.execution.application.AppMain gui.DCDMCGUI
Launcher Type: SUN_STANDARD

Environment Variables:
PATH=/Users/chiyingwang/Library/Android/sdk/tools:/Users/chiyingwang/Library/Android/sdk/platform-tools:/Users/chiyingwang/Library/Android/sdk/build-tools:/Library/Frameworks/Python.framework/Versions/3.4/bin:/Library/Frameworks/Python.framework/Versions/2.7/bin:/usr/local/bin:/usr/bin:/bin:/usr/sbin:/sbin:/opt/X11/bin:/usr/texbin:/usr/local/apache-tomcat-8.0.21/bin
SHELL=/bin/bash
DISPLAY=/private/tmp/com.apple.launchd.cLJ4DlWiMH/org.macosforge.xquartz:0

Signal Handlers:
SIGSEGV: [libjvm.dylib+0x52c49d], sa_mask[0]=0xfffefeff, sa_flags=0x00000043
SIGBUS: [libjvm.dylib+0x52c49d], sa_mask[0]=0xfffefeff, sa_flags=0x00000042
SIGFPE: [libjvm.dylib+0x41e53a], sa_mask[0]=0xfffefeff, sa_flags=0x00000042
SIGPIPE: [libjvm.dylib+0x41e53a], sa_mask[0]=0xfffefeff, sa_flags=0x00000042
SIGXFSZ: [libjvm.dylib+0x41e53a], sa_mask[0]=0xfffefeff, sa_flags=0x00000042
SIGILL: [libjvm.dylib+0x41e53a], sa_mask[0]=0xfffefeff, sa_flags=0x00000042
SIGUSR1: SIG_DFL, sa_mask[0]=0x00000000, sa_flags=0x00000000
SIGUSR2: [libjvm.dylib+0x41e02c], sa_mask[0]=0x00000004, sa_flags=0x00000042
SIGHUP: [libjvm.dylib+0x41c2bd], sa_mask[0]=0xfffefeff, sa_flags=0x00000042
SIGINT: [libjvm.dylib+0x41c2bd], sa_mask[0]=0xfffefeff, sa_flags=0x00000042
SIGTERM: [libjvm.dylib+0x41c2bd], sa_mask[0]=0xfffefeff, sa_flags=0x00000042
SIGQUIT: [libjvm.dylib+0x41c2bd], sa_mask[0]=0xfffefeff, sa_flags=0x00000042


---------------  S Y S T E M  ---------------

OS:Bsduname:Darwin 14.3.0 Darwin Kernel Version 14.3.0: Mon Mar 23 11:59:05 PDT 2015; root:xnu-2782.20.48~5/RELEASE_X86_64 x86_64
rlimit: STACK 8192k, CORE 0k, NPROC 709, NOFILE 10240, AS infinity
load average:2.79 2.27 2.14

CPU:total 8 (4 cores per cpu, 2 threads per core) family 6 model 70 stepping 1, cmov, cx8, fxsr, mmx, sse, sse2, sse3, ssse3, sse4.1, sse4.2, popcnt, avx, avx2, aes, erms, ht, tsc, tscinvbit

Memory: 4k page, physical 16777216k(4194304k free)

/proc/meminfo:


vm_info: Java HotSpot(TM) 64-Bit Server VM (24.71-b01) for bsd-amd64 JRE (1.7.0_71-b14), built on Sep 26 2014 16:11:44 by "java_re" with gcc 4.2.1 (Based on Apple Inc. build 5658) (LLVM build 2336.11.00)

time: Fri Apr 24 20:00:22 2015
elapsed time: 4 seconds

